<?xml version="1.0" encoding="UTF-8"?>
<!-- Generated by org.testng.reporters.JUnitReportReporter -->
<testsuite hostname="MJ" failures="0" tests="6" name="com.Flipkart.testCases.FlipkartTest" time="19.646" errors="0" timestamp="2025-06-18T07:53:59 IST" skipped="0">
  <testcase classname="com.Flipkart.testCases.FlipkartTest" name="Find_Item" time="2.971"/>
  <system-out/>
  <testcase classname="com.Flipkart.testCases.FlipkartTest" name="Sort_Item_by_price" time="4.375"/>
  <system-out/>
  <testcase classname="com.Flipkart.testCases.FlipkartTest" name="Select_Item" time="6.640"/>
  <system-out/>
  <testcase classname="com.Flipkart.testCases.FlipkartTest" name="Verify_Displayed_Item" time="5.192"/>
  <system-out/>
  <testcase classname="com.Flipkart.testCases.FlipkartTest" name="Verify_Kart_Item" time="0.316"/>
  <system-out/>
  <testcase classname="com.Flipkart.testCases.FlipkartTest" name="Verify_ItemName_and_Price" time="0.152"/>
  <system-out/>
</testsuite> <!-- com.Flipkart.testCases.FlipkartTest -->
