<?xml version="1.0" encoding="UTF-8"?>
<!-- Generated by org.testng.reporters.JUnitReportReporter -->
<testsuite hostname="CGSCLX079843252" failures="0" tests="1" name="com.XRD_DDA.testCases.TC_LoginTest_001" time="1.107" errors="0" timestamp="2024-11-19T15:11:33 IST" skipped="0">
  <testcase classname="com.XRD_DDA.testCases.TC_LoginTest_001" name="Logintest" time="1.107"/>
  <system-out/>
</testsuite> <!-- com.XRD_DDA.testCases.TC_LoginTest_001 -->
